<?xml version="1.0" encoding="UTF-8"?>
<coverage generated="1510107297138" clover="3.2.0">
  <project timestamp="1510107297139" name="All files">
    <metrics statements="35" coveredstatements="30" conditionals="15" coveredconditionals="14" methods="16" coveredmethods="13" elements="66" coveredelements="57" complexity="0" loc="35" ncloc="35" packages="3" files="3" classes="3">
      <package name="common">
        <metrics statements="20" coveredstatements="18" conditionals="14" coveredconditionals="13" methods="11" coveredmethods="10"/>
        <file name="Router.ts" path="/Users/alexandre/Documents/development/react-universal-typescript/src/common/Router.ts">
          <metrics statements="20" coveredstatements="18" conditionals="14" coveredconditionals="13" methods="11" coveredmethods="10"/>
          <line num="2" count="1" type="cond" truecount="3" falsecount="0"/>
          <line num="3" count="8" type="cond" truecount="2" falsecount="0"/>
          <line num="4" count="8" type="stmt"/>
          <line num="5" count="0" type="stmt"/>
          <line num="6" count="16" type="cond" truecount="2" falsecount="0"/>
          <line num="7" count="8" type="cond" truecount="2" falsecount="0"/>
          <line num="10" count="1" type="stmt"/>
          <line num="11" count="1" type="stmt"/>
          <line num="12" count="1" type="stmt"/>
          <line num="15" count="6" type="stmt"/>
          <line num="18" count="5" type="stmt"/>
          <line num="21" count="5" type="stmt"/>
          <line num="26" count="5" type="stmt"/>
          <line num="29" count="5" type="stmt"/>
          <line num="32" count="8" type="stmt"/>
          <line num="33" count="8" type="stmt"/>
          <line num="34" count="8" type="stmt"/>
          <line num="35" count="8" type="stmt"/>
          <line num="38" count="0" type="stmt"/>
          <line num="43" count="1" type="stmt"/>
        </file>
      </package>
      <package name="server">
        <metrics statements="9" coveredstatements="8" conditionals="1" coveredconditionals="1" methods="4" coveredmethods="3"/>
        <file name="App.ts" path="/Users/alexandre/Documents/development/react-universal-typescript/src/server/App.ts">
          <metrics statements="9" coveredstatements="8" conditionals="1" coveredconditionals="1" methods="4" coveredmethods="3"/>
          <line num="2" count="1" type="stmt"/>
          <line num="3" count="1" type="stmt"/>
          <line num="4" count="1" type="stmt"/>
          <line num="5" count="0" type="stmt"/>
          <line num="7" count="1" type="cond" truecount="1" falsecount="0"/>
          <line num="8" count="1" type="stmt"/>
          <line num="12" count="1" type="stmt"/>
          <line num="15" count="1" type="stmt"/>
          <line num="18" count="1" type="stmt"/>
        </file>
      </package>
      <package name="server.Lib">
        <metrics statements="6" coveredstatements="4" conditionals="0" coveredconditionals="0" methods="1" coveredmethods="0"/>
        <file name="MakeDocument.ts" path="/Users/alexandre/Documents/development/react-universal-typescript/src/server/Lib/MakeDocument.ts">
          <metrics statements="6" coveredstatements="4" conditionals="0" coveredconditionals="0" methods="1" coveredmethods="0"/>
          <line num="2" count="1" type="stmt"/>
          <line num="3" count="1" type="stmt"/>
          <line num="4" count="1" type="stmt"/>
          <line num="6" count="0" type="stmt"/>
          <line num="7" count="0" type="stmt"/>
          <line num="12" count="1" type="stmt"/>
        </file>
      </package>
    </metrics>
  </project>
</coverage>
