{"/Users/alexandre/Documents/development/react-universal-typescript/src/common/Router.ts": {"path":"/Users/alexandre/Documents/development/react-universal-typescript/src/common/Router.ts","statementMap":{"0":{"start":{"line":2,"column":16},"end":{"line":9,"column":1}},"1":{"start":{"line":3,"column":4},"end":{"line":8,"column":7}},"2":{"start":{"line":4,"column":36},"end":{"line":4,"column":97}},"3":{"start":{"line":4,"column":42},"end":{"line":4,"column":70}},"4":{"start":{"line":4,"column":85},"end":{"line":4,"column":95}},"5":{"start":{"line":5,"column":35},"end":{"line":5,"column":100}},"6":{"start":{"line":5,"column":41},"end":{"line":5,"column":73}},"7":{"start":{"line":5,"column":88},"end":{"line":5,"column":98}},"8":{"start":{"line":6,"column":32},"end":{"line":6,"column":149}},"9":{"start":{"line":6,"column":97},"end":{"line":6,"column":119}},"10":{"start":{"line":7,"column":8},"end":{"line":7,"column":78}},"11":{"start":{"line":10,"column":0},"end":{"line":10,"column":62}},"12":{"start":{"line":11,"column":14},"end":{"line":11,"column":30}},"13":{"start":{"line":12,"column":24},"end":{"line":12,"column":51}},"14":{"start":{"line":15,"column":8},"end":{"line":15,"column":29}},"15":{"start":{"line":18,"column":8},"end":{"line":28,"column":11}},"16":{"start":{"line":21,"column":37},"end":{"line":25,"column":17}},"17":{"start":{"line":26,"column":16},"end":{"line":26,"column":87}},"18":{"start":{"line":29,"column":8},"end":{"line":29,"column":20}},"19":{"start":{"line":32,"column":8},"end":{"line":40,"column":11}},"20":{"start":{"line":33,"column":12},"end":{"line":39,"column":13}},"21":{"start":{"line":34,"column":31},"end":{"line":34,"column":63}},"22":{"start":{"line":35,"column":16},"end":{"line":35,"column":59}},"23":{"start":{"line":38,"column":16},"end":{"line":38,"column":39}},"24":{"start":{"line":43,"column":0},"end":{"line":43,"column":25}}},"fnMap":{"0":{"name":"(anonymous_0)","decl":{"start":{"line":2,"column":44},"end":{"line":2,"column":45}},"loc":{"start":{"line":2,"column":89},"end":{"line":9,"column":1}},"line":2},"1":{"name":"(anonymous_1)","decl":{"start":{"line":3,"column":36},"end":{"line":3,"column":37}},"loc":{"start":{"line":3,"column":63},"end":{"line":8,"column":5}},"line":3},"2":{"name":"fulfilled","decl":{"start":{"line":4,"column":17},"end":{"line":4,"column":26}},"loc":{"start":{"line":4,"column":34},"end":{"line":4,"column":99}},"line":4},"3":{"name":"rejected","decl":{"start":{"line":5,"column":17},"end":{"line":5,"column":25}},"loc":{"start":{"line":5,"column":33},"end":{"line":5,"column":102}},"line":5},"4":{"name":"step","decl":{"start":{"line":6,"column":17},"end":{"line":6,"column":21}},"loc":{"start":{"line":6,"column":30},"end":{"line":6,"column":151}},"line":6},"5":{"name":"(anonymous_5)","decl":{"start":{"line":6,"column":76},"end":{"line":6,"column":77}},"loc":{"start":{"line":6,"column":95},"end":{"line":6,"column":121}},"line":6},"6":{"name":"(anonymous_6)","decl":{"start":{"line":14,"column":4},"end":{"line":14,"column":5}},"loc":{"start":{"line":14,"column":29},"end":{"line":16,"column":5}},"line":14},"7":{"name":"(anonymous_7)","decl":{"start":{"line":17,"column":4},"end":{"line":17,"column":5}},"loc":{"start":{"line":17,"column":25},"end":{"line":30,"column":5}},"line":17},"8":{"name":"(anonymous_8)","decl":{"start":{"line":20,"column":20},"end":{"line":20,"column":21}},"loc":{"start":{"line":20,"column":55},"end":{"line":27,"column":13}},"line":20},"9":{"name":"(anonymous_9)","decl":{"start":{"line":31,"column":4},"end":{"line":31,"column":5}},"loc":{"start":{"line":31,"column":27},"end":{"line":41,"column":5}},"line":31},"10":{"name":"(anonymous_10)","decl":{"start":{"line":32,"column":47},"end":{"line":32,"column":48}},"loc":{"start":{"line":32,"column":60},"end":{"line":40,"column":9}},"line":32}},"branchMap":{"0":{"loc":{"start":{"line":2,"column":16},"end":{"line":9,"column":1}},"type":"binary-expr","locations":[{"start":{"line":2,"column":17},"end":{"line":2,"column":21}},{"start":{"line":2,"column":25},"end":{"line":2,"column":39}},{"start":{"line":2,"column":44},"end":{"line":9,"column":1}}],"line":2},"1":{"loc":{"start":{"line":3,"column":16},"end":{"line":3,"column":34}},"type":"binary-expr","locations":[{"start":{"line":3,"column":16},"end":{"line":3,"column":17}},{"start":{"line":3,"column":22},"end":{"line":3,"column":33}}],"line":3},"2":{"loc":{"start":{"line":6,"column":32},"end":{"line":6,"column":148}},"type":"cond-expr","locations":[{"start":{"line":6,"column":46},"end":{"line":6,"column":67}},{"start":{"line":6,"column":70},"end":{"line":6,"column":148}}],"line":6},"3":{"loc":{"start":{"line":7,"column":51},"end":{"line":7,"column":67}},"type":"binary-expr","locations":[{"start":{"line":7,"column":51},"end":{"line":7,"column":61}},{"start":{"line":7,"column":65},"end":{"line":7,"column":67}}],"line":7},"4":{"loc":{"start":{"line":14,"column":16},"end":{"line":14,"column":27}},"type":"default-arg","locations":[{"start":{"line":14,"column":25},"end":{"line":14,"column":27}}],"line":14},"5":{"loc":{"start":{"line":23,"column":28},"end":{"line":23,"column":40}},"type":"binary-expr","locations":[{"start":{"line":23,"column":28},"end":{"line":23,"column":34}},{"start":{"line":23,"column":38},"end":{"line":23,"column":40}}],"line":23},"6":{"loc":{"start":{"line":24,"column":29},"end":{"line":24,"column":42}},"type":"binary-expr","locations":[{"start":{"line":24,"column":29},"end":{"line":24,"column":36}},{"start":{"line":24,"column":40},"end":{"line":24,"column":42}}],"line":24}},"s":{"0":1,"1":8,"2":8,"3":8,"4":0,"5":0,"6":0,"7":0,"8":16,"9":8,"10":8,"11":1,"12":1,"13":1,"14":6,"15":5,"16":5,"17":5,"18":5,"19":8,"20":8,"21":8,"22":8,"23":0,"24":1},"f":{"0":8,"1":8,"2":8,"3":0,"4":16,"5":8,"6":6,"7":5,"8":5,"9":8,"10":8},"b":{"0":[1,1,1],"1":[8,8],"2":[8,8],"3":[8,8],"4":[4],"5":[5,0],"6":[5,3]},"inputSourceMap":{"version":3,"file":"Router.js","sourceRoot":"","sources":["Router.ts"],"names":[],"mappings":";;;;;;;;;;AAEA,+BAA+B;AAE/B,MAAM,eAAe,GAAG,OAAO,CAAC,kBAAkB,CAAC,CAAC;AAEpD;IAGE,YAAY,SAA+D,EAAE;QAC3E,IAAI,CAAC,MAAM,GAAG,MAAM,CAAC;IACvB,CAAC;IACM,GAAG,CAAC,IAAY,EAAE,SAA0D;QACjF,IAAI,CAAC,MAAM,CAAC,IAAI,CAAC;YACf,IAAI;YACJ,MAAM,EAAE,CAAC,EAAE,QAAQ,EAAE,MAAM,EAAE,OAAO,EAAE,EAAE,EAAE;gBACxC,MAAM,YAAY,GAAyB;oBACzC,QAAQ;oBACR,MAAM,EAAE,MAAM,IAAI,EAAE;oBACpB,OAAO,EAAE,OAAO,IAAI,EAAE;iBAEvB,CAAC;gBACF,MAAM,CAAC,KAAK,CAAC,aAAa,CAAC,SAAS,EAAE,kBAAsB,YAAY,CAAC,CAAC,CAAC;YAC7E,CAAC;SACF,CAAC,CAAC;QACH,MAAM,CAAC,IAAI,CAAC;IACd,CAAC;IACY,OAAO,CAAQ,aAA0C;;YACpE,IAAI,CAAC;gBACH,MAAM,MAAM,GAAG,IAAI,eAAe,CAAC,IAAI,CAAC,MAAM,CAAC,CAAC;gBAChD,MAAM,CAAC,MAAM,MAAM,CAAC,OAAO,CAAC,aAAa,CAAC,CAAC;YAC7C,CAAC;YAAC,KAAK,CAAC,CAAC,KAAK,CAAC,CAAC,CAAC;gBACf,MAAM,IAAI,KAAK,CAAC,KAAK,CAAC,CAAC;YACzB,CAAC;QACH,CAAC;KAAA;CACF;AA7BD,yBA6BC","sourcesContent":["import { Routes, resolve } from 'universal-router';\nimport { RouteParamsInterface } from './CommonInterfaces';\nimport * as React from 'react';\n\nconst UniversalRouter = require('universal-router');\n\nexport default class Router {\n  private routes: Routes<RouteParamsInterface, React.ReactElement<{}>>;\n\n  constructor(routes: Routes<RouteParamsInterface, React.ReactElement<{}>> = []) {\n    this.routes = routes;\n  }\n  public add(path: string, component: React.ComponentClass | React.StatelessComponent): Router {\n    this.routes.push({\n      path,\n      action: ({ pathname, params, context }) => {\n        const props_chunck: RouteParamsInterface = {\n          pathname,\n          params: params || {},\n          context: context || {}\n\n        };\n        return React.createElement(component, <React.Attributes>{...props_chunck});\n      }\n    });\n    return this;\n  }\n  public async resolve<Props>(resolveParams: RouteParamsInterface<Props>) {\n    try {\n      const router = new UniversalRouter(this.routes);\n      return await router.resolve(resolveParams);\n    } catch (error) {\n      throw new Error(error);\n    }\n  }\n}"]},"_coverageSchema":"332fd63041d2c1bcb487cc26dd0d5f7d97098a6c","hash":"06b92667d0db7f2e99cac88d508e22a0d6eea9cc"}
,"/Users/alexandre/Documents/development/react-universal-typescript/src/server/App.ts": {"path":"/Users/alexandre/Documents/development/react-universal-typescript/src/server/App.ts","statementMap":{"0":{"start":{"line":2,"column":0},"end":{"line":2,"column":62}},"1":{"start":{"line":3,"column":23},"end":{"line":3,"column":52}},"2":{"start":{"line":4,"column":21},"end":{"line":6,"column":1}},"3":{"start":{"line":5,"column":4},"end":{"line":5,"column":52}},"4":{"start":{"line":7,"column":24},"end":{"line":9,"column":1}},"5":{"start":{"line":8,"column":4},"end":{"line":8,"column":39}},"6":{"start":{"line":12,"column":8},"end":{"line":12,"column":40}},"7":{"start":{"line":15,"column":8},"end":{"line":15,"column":24}},"8":{"start":{"line":18,"column":0},"end":{"line":18,"column":22}}},"fnMap":{"0":{"name":"(anonymous_0)","decl":{"start":{"line":4,"column":21},"end":{"line":4,"column":22}},"loc":{"start":{"line":4,"column":35},"end":{"line":6,"column":1}},"line":4},"1":{"name":"(anonymous_1)","decl":{"start":{"line":7,"column":24},"end":{"line":7,"column":25}},"loc":{"start":{"line":7,"column":45},"end":{"line":9,"column":1}},"line":7},"2":{"name":"(anonymous_2)","decl":{"start":{"line":11,"column":4},"end":{"line":11,"column":5}},"loc":{"start":{"line":11,"column":30},"end":{"line":13,"column":5}},"line":11},"3":{"name":"(anonymous_3)","decl":{"start":{"line":14,"column":4},"end":{"line":14,"column":5}},"loc":{"start":{"line":14,"column":14},"end":{"line":16,"column":5}},"line":14}},"branchMap":{"0":{"loc":{"start":{"line":7,"column":30},"end":{"line":7,"column":40}},"type":"default-arg","locations":[{"start":{"line":7,"column":37},"end":{"line":7,"column":40}}],"line":7}},"s":{"0":1,"1":1,"2":1,"3":0,"4":1,"5":1,"6":1,"7":1,"8":1},"f":{"0":0,"1":1,"2":1,"3":1},"b":{"0":[1]},"inputSourceMap":{"version":3,"file":"App.js","sourceRoot":"","sources":["App.ts"],"names":[],"mappings":";;AACA,qDAA8C;AAC9C,MAAM,YAAY,GAAG,CAAC,GAAoB,EAAE,GAAqB,EAAE,EAAE;IACnE,GAAG,CAAC,IAAI,CAAC,sBAAY,CAAC,aAAa,CAAC,CAAC,CAAC;AACxC,CAAC,CAAC;AACF,MAAM,eAAe,GAAG,CAAC,GAAwB,EAAE,OAAe,GAAG,EAAuB,EAAE;IAC5F,MAAM,CAAC,GAAG,CAAC,GAAG,CAAC,IAAI,EAAE,YAAY,CAAC,CAAC;AACrC,CAAC,CAAC;AACF;IAEE,YAAY,GAAwB,EAAE,OAAgB;QACpD,IAAI,CAAC,GAAG,GAAG,eAAe,CAAC,GAAG,CAAC,CAAC;IAClC,CAAC;IACD,OAAO;QACL,MAAM,CAAC,IAAI,CAAC,GAAG,CAAC;IAClB,CAAC;CACF;AACD,kBAAe,GAAG,CAAC","sourcesContent":["import * as express from 'express';\nimport MakeDocument from './Lib/MakeDocument';\nconst handleRender = (req: express.Request, res: express.Response) => {\n  res.send(MakeDocument('Hello World'));\n};\nconst configureRender = (app: express.Application, path: string = '*'): express.Application => {\n  return app.get(path, handleRender);\n};\nclass App {\n  private app: express.Application;\n  constructor(app: express.Application, options?: object) {\n    this.app = configureRender(app);\n  }\n  express() {\n    return this.app;\n  }\n}\nexport default App;"]},"_coverageSchema":"332fd63041d2c1bcb487cc26dd0d5f7d97098a6c","hash":"b2c898a4aa0c6a31adc62161cafe32aeac640c4a"}
,"/Users/alexandre/Documents/development/react-universal-typescript/src/server/Lib/MakeDocument.ts": {"path":"/Users/alexandre/Documents/development/react-universal-typescript/src/server/Lib/MakeDocument.ts","statementMap":{"0":{"start":{"line":2,"column":0},"end":{"line":2,"column":62}},"1":{"start":{"line":3,"column":11},"end":{"line":3,"column":24}},"2":{"start":{"line":4,"column":13},"end":{"line":4,"column":28}},"3":{"start":{"line":6,"column":17},"end":{"line":6,"column":81}},"4":{"start":{"line":7,"column":4},"end":{"line":9,"column":35}},"5":{"start":{"line":12,"column":0},"end":{"line":12,"column":28}}},"fnMap":{"0":{"name":"default_1","decl":{"start":{"line":5,"column":9},"end":{"line":5,"column":18}},"loc":{"start":{"line":5,"column":32},"end":{"line":11,"column":1}},"line":5}},"branchMap":{},"s":{"0":1,"1":1,"2":1,"3":0,"4":0,"5":1},"f":{"0":0},"b":{},"inputSourceMap":{"version":3,"file":"MakeDocument.js","sourceRoot":"","sources":["MakeDocument.ts"],"names":[],"mappings":";;AAAA,yBAAyB;AACzB,6BAA6B;AAE7B,mBAAyB,IAAY,EAAE,KAAc;IACnD,MAAM,IAAI,GAAG,EAAE,CAAC,YAAY,CAAC,IAAI,CAAC,OAAO,CAAC,QAAQ,EAAE,YAAY,CAAC,CAAC,CAAC,QAAQ,EAAE,CAAC;IAE9E,MAAM,CAAC,IAAI;SAER,OAAO,CAAC,WAAW,EAAE,KAAK,CAAC;SAC3B,OAAO,CAAC,UAAU,EAAE,IAAI,CAAC,CAAC;IAC3B,iCAAiC;AAErC,CAAC;AATD,4BASC","sourcesContent":["import * as fs from 'fs';\nimport * as path from 'path';\n\nexport default function (body: string, title?: string) {\n  const html = fs.readFileSync(path.resolve('public', 'index.html')).toString();\n\n  return html\n    // .replace('{{state}}', injectState(state))\n    .replace('{{title}}', title)\n    .replace('{{body}}', body);\n    // .replace('{{client}}', client)\n  \n}"]},"_coverageSchema":"332fd63041d2c1bcb487cc26dd0d5f7d97098a6c","hash":"2b58d21b58d33a402d451cd0ff7015e0f77db3b0"}
}
