TN:
SF:/Users/alexandre/Documents/development/react-universal-typescript/src/common/Router.ts
FN:2,(anonymous_0)
FN:3,(anonymous_1)
FN:4,fulfilled
FN:5,rejected
FN:6,step
FN:6,(anonymous_5)
FN:14,(anonymous_6)
FN:17,(anonymous_7)
FN:20,(anonymous_8)
FN:31,(anonymous_9)
FN:32,(anonymous_10)
FNF:11
FNH:10
FNDA:8,(anonymous_0)
FNDA:8,(anonymous_1)
FNDA:8,fulfilled
FNDA:0,rejected
FNDA:16,step
FNDA:8,(anonymous_5)
FNDA:6,(anonymous_6)
FNDA:5,(anonymous_7)
FNDA:5,(anonymous_8)
FNDA:8,(anonymous_9)
FNDA:8,(anonymous_10)
DA:2,1
DA:3,8
DA:4,8
DA:5,0
DA:6,16
DA:7,8
DA:10,1
DA:11,1
DA:12,1
DA:15,6
DA:18,5
DA:21,5
DA:26,5
DA:29,5
DA:32,8
DA:33,8
DA:34,8
DA:35,8
DA:38,0
DA:43,1
LF:20
LH:18
BRDA:2,0,0,1
BRDA:2,0,1,1
BRDA:2,0,2,1
BRDA:3,1,0,8
BRDA:3,1,1,8
BRDA:6,2,0,8
BRDA:6,2,1,8
BRDA:7,3,0,8
BRDA:7,3,1,8
BRDA:14,4,0,4
BRDA:23,5,0,5
BRDA:23,5,1,0
BRDA:24,6,0,5
BRDA:24,6,1,3
BRF:14
BRH:13
end_of_record
TN:
SF:/Users/alexandre/Documents/development/react-universal-typescript/src/server/App.ts
FN:4,(anonymous_0)
FN:7,(anonymous_1)
FN:11,(anonymous_2)
FN:14,(anonymous_3)
FNF:4
FNH:3
FNDA:0,(anonymous_0)
FNDA:1,(anonymous_1)
FNDA:1,(anonymous_2)
FNDA:1,(anonymous_3)
DA:2,1
DA:3,1
DA:4,1
DA:5,0
DA:7,1
DA:8,1
DA:12,1
DA:15,1
DA:18,1
LF:9
LH:8
BRDA:7,0,0,1
BRF:1
BRH:1
end_of_record
TN:
SF:/Users/alexandre/Documents/development/react-universal-typescript/src/server/Lib/MakeDocument.ts
FN:5,default_1
FNF:1
FNH:0
FNDA:0,default_1
DA:2,1
DA:3,1
DA:4,1
DA:6,0
DA:7,0
DA:12,1
LF:6
LH:4
BRF:0
BRH:0
end_of_record
